{"F:\\AspireReactApr2020\\inventory-app\\src\\App.js": {"path":"F:\\AspireReactApr2020\\inventory-app\\src\\App.js","statementMap":{"0":{"start":{"line":19,"column":8},"end":{"line":19,"column":30}},"1":{"start":{"line":20,"column":8},"end":{"line":20,"column":48}},"2":{"start":{"line":22,"column":8},"end":{"line":44,"column":9}},"3":{"start":{"line":51,"column":8},"end":{"line":51,"column":43}},"4":{"start":{"line":51,"column":25},"end":{"line":51,"column":41}},"5":{"start":{"line":56,"column":8},"end":{"line":58,"column":10}},"6":{"start":{"line":63,"column":8},"end":{"line":77,"column":10}}},"fnMap":{"0":{"name":"(anonymous_0)","decl":{"start":{"line":18,"column":4},"end":{"line":18,"column":5}},"loc":{"start":{"line":18,"column":32},"end":{"line":45,"column":5}},"line":18},"1":{"name":"(anonymous_1)","decl":{"start":{"line":49,"column":4},"end":{"line":49,"column":5}},"loc":{"start":{"line":49,"column":24},"end":{"line":52,"column":5}},"line":49},"2":{"name":"(anonymous_2)","decl":{"start":{"line":51,"column":20},"end":{"line":51,"column":21}},"loc":{"start":{"line":51,"column":25},"end":{"line":51,"column":41}},"line":51},"3":{"name":"(anonymous_3)","decl":{"start":{"line":55,"column":4},"end":{"line":55,"column":5}},"loc":{"start":{"line":55,"column":10},"end":{"line":59,"column":5}},"line":55},"4":{"name":"(anonymous_4)","decl":{"start":{"line":61,"column":4},"end":{"line":61,"column":5}},"loc":{"start":{"line":61,"column":13},"end":{"line":78,"column":5}},"line":61}},"branchMap":{},"s":{"0":3,"1":3,"2":3,"3":3,"4":0,"5":0,"6":3},"f":{"0":3,"1":3,"2":0,"3":0,"4":3},"b":{},"_coverageSchema":"1a1c01bbd47fc00a2c39e90264f33305004495a9","hash":"8d84a5f79d5584b462e5be8e126a6f1fe3cab17b"}
,"F:\\AspireReactApr2020\\inventory-app\\src\\index.js": {"path":"F:\\AspireReactApr2020\\inventory-app\\src\\index.js","statementMap":{"0":{"start":{"line":8,"column":0},"end":{"line":13,"column":2}},"1":{"start":{"line":18,"column":0},"end":{"line":18,"column":18}}},"fnMap":{},"branchMap":{},"s":{"0":0,"1":0},"f":{},"b":{}}
,"F:\\AspireReactApr2020\\inventory-app\\src\\reportWebVitals.js": {"path":"F:\\AspireReactApr2020\\inventory-app\\src\\reportWebVitals.js","statementMap":{"0":{"start":{"line":1,"column":24},"end":{"line":11,"column":1}},"1":{"start":{"line":2,"column":2},"end":{"line":10,"column":3}},"2":{"start":{"line":3,"column":4},"end":{"line":9,"column":7}},"3":{"start":{"line":4,"column":6},"end":{"line":4,"column":26}},"4":{"start":{"line":5,"column":6},"end":{"line":5,"column":26}},"5":{"start":{"line":6,"column":6},"end":{"line":6,"column":26}},"6":{"start":{"line":7,"column":6},"end":{"line":7,"column":26}},"7":{"start":{"line":8,"column":6},"end":{"line":8,"column":27}}},"fnMap":{"0":{"name":"(anonymous_0)","decl":{"start":{"line":1,"column":24},"end":{"line":1,"column":25}},"loc":{"start":{"line":1,"column":39},"end":{"line":11,"column":1}},"line":1},"1":{"name":"(anonymous_1)","decl":{"start":{"line":3,"column":30},"end":{"line":3,"column":31}},"loc":{"start":{"line":3,"column":79},"end":{"line":9,"column":5}},"line":3}},"branchMap":{"0":{"loc":{"start":{"line":2,"column":2},"end":{"line":10,"column":3}},"type":"if","locations":[{"start":{"line":2,"column":2},"end":{"line":10,"column":3}},{"start":{},"end":{}}],"line":2},"1":{"loc":{"start":{"line":2,"column":6},"end":{"line":2,"column":52}},"type":"binary-expr","locations":[{"start":{"line":2,"column":6},"end":{"line":2,"column":17}},{"start":{"line":2,"column":21},"end":{"line":2,"column":52}}],"line":2}},"s":{"0":0,"1":0,"2":0,"3":0,"4":0,"5":0,"6":0,"7":0},"f":{"0":0,"1":0},"b":{"0":[0,0],"1":[0,0]}}
,"F:\\AspireReactApr2020\\inventory-app\\src\\addproduct\\AddProduct.js": {"path":"F:\\AspireReactApr2020\\inventory-app\\src\\addproduct\\AddProduct.js","statementMap":{"0":{"start":{"line":4,"column":59},"end":{"line":4,"column":64}},"1":{"start":{"line":5,"column":46},"end":{"line":5,"column":67}},"2":{"start":{"line":6,"column":28},"end":{"line":6,"column":59}},"3":{"start":{"line":7,"column":28},"end":{"line":7,"column":59}},"4":{"start":{"line":8,"column":17},"end":{"line":8,"column":49}},"5":{"start":{"line":9,"column":4},"end":{"line":11,"column":21}},"6":{"start":{"line":10,"column":8},"end":{"line":10,"column":23}},"7":{"start":{"line":13,"column":25},"end":{"line":13,"column":60}},"8":{"start":{"line":13,"column":33},"end":{"line":13,"column":60}},"9":{"start":{"line":15,"column":25},"end":{"line":17,"column":5}},"10":{"start":{"line":16,"column":8},"end":{"line":16,"column":59}},"11":{"start":{"line":19,"column":27},"end":{"line":22,"column":5}},"12":{"start":{"line":20,"column":26},"end":{"line":20,"column":49}},"13":{"start":{"line":21,"column":8},"end":{"line":21,"column":27}},"14":{"start":{"line":24,"column":29},"end":{"line":27,"column":5}},"15":{"start":{"line":25,"column":26},"end":{"line":25,"column":42}},"16":{"start":{"line":26,"column":8},"end":{"line":26,"column":27}},"17":{"start":{"line":29,"column":25},"end":{"line":46,"column":5}},"18":{"start":{"line":30,"column":8},"end":{"line":30,"column":32}},"19":{"start":{"line":31,"column":20},"end":{"line":34,"column":9}},"20":{"start":{"line":35,"column":8},"end":{"line":44,"column":15}},"21":{"start":{"line":38,"column":16},"end":{"line":38,"column":37}},"22":{"start":{"line":43,"column":16},"end":{"line":43,"column":29}},"23":{"start":{"line":45,"column":8},"end":{"line":45,"column":31}},"24":{"start":{"line":48,"column":4},"end":{"line":70,"column":6}}},"fnMap":{"0":{"name":"AddProduct","decl":{"start":{"line":3,"column":24},"end":{"line":3,"column":34}},"loc":{"start":{"line":3,"column":41},"end":{"line":72,"column":1}},"line":3},"1":{"name":"(anonymous_1)","decl":{"start":{"line":9,"column":20},"end":{"line":9,"column":21}},"loc":{"start":{"line":9,"column":26},"end":{"line":11,"column":5}},"line":9},"2":{"name":"(anonymous_2)","decl":{"start":{"line":13,"column":25},"end":{"line":13,"column":26}},"loc":{"start":{"line":13,"column":33},"end":{"line":13,"column":60}},"line":13},"3":{"name":"(anonymous_3)","decl":{"start":{"line":15,"column":25},"end":{"line":15,"column":26}},"loc":{"start":{"line":15,"column":31},"end":{"line":17,"column":5}},"line":15},"4":{"name":"(anonymous_4)","decl":{"start":{"line":19,"column":27},"end":{"line":19,"column":28}},"loc":{"start":{"line":19,"column":34},"end":{"line":22,"column":5}},"line":19},"5":{"name":"(anonymous_5)","decl":{"start":{"line":24,"column":29},"end":{"line":24,"column":30}},"loc":{"start":{"line":24,"column":36},"end":{"line":27,"column":5}},"line":24},"6":{"name":"(anonymous_6)","decl":{"start":{"line":29,"column":25},"end":{"line":29,"column":26}},"loc":{"start":{"line":29,"column":31},"end":{"line":46,"column":5}},"line":29},"7":{"name":"(anonymous_7)","decl":{"start":{"line":37,"column":18},"end":{"line":37,"column":19}},"loc":{"start":{"line":37,"column":25},"end":{"line":41,"column":13}},"line":37},"8":{"name":"(anonymous_8)","decl":{"start":{"line":42,"column":19},"end":{"line":42,"column":20}},"loc":{"start":{"line":42,"column":28},"end":{"line":44,"column":13}},"line":42}},"branchMap":{"0":{"loc":{"start":{"line":6,"column":43},"end":{"line":6,"column":58}},"type":"binary-expr","locations":[{"start":{"line":6,"column":43},"end":{"line":6,"column":52}},{"start":{"line":6,"column":56},"end":{"line":6,"column":58}}],"line":6},"1":{"loc":{"start":{"line":7,"column":43},"end":{"line":7,"column":58}},"type":"binary-expr","locations":[{"start":{"line":7,"column":43},"end":{"line":7,"column":52}},{"start":{"line":7,"column":56},"end":{"line":7,"column":58}}],"line":7},"2":{"loc":{"start":{"line":16,"column":25},"end":{"line":16,"column":57}},"type":"binary-expr","locations":[{"start":{"line":16,"column":25},"end":{"line":16,"column":34}},{"start":{"line":16,"column":38},"end":{"line":16,"column":57}}],"line":16}},"s":{"0":7,"1":7,"2":7,"3":7,"4":7,"5":7,"6":2,"7":7,"8":0,"9":7,"10":2,"11":7,"12":1,"13":1,"14":7,"15":2,"16":2,"17":7,"18":1,"19":1,"20":1,"21":0,"22":0,"23":1,"24":7},"f":{"0":7,"1":2,"2":0,"3":2,"4":1,"5":2,"6":1,"7":0,"8":0},"b":{"0":[7,4],"1":[7,4],"2":[2,0]},"_coverageSchema":"1a1c01bbd47fc00a2c39e90264f33305004495a9","hash":"6e3df8d6d46d6943d526b35a07aae80e23012a42"}
,"F:\\AspireReactApr2020\\inventory-app\\src\\addproduct\\FetchData.js": {"path":"F:\\AspireReactApr2020\\inventory-app\\src\\addproduct\\FetchData.js","statementMap":{"0":{"start":{"line":3,"column":19},"end":{"line":3,"column":50}},"1":{"start":{"line":5,"column":25},"end":{"line":9,"column":1}},"2":{"start":{"line":6,"column":16},"end":{"line":6,"column":46}},"3":{"start":{"line":8,"column":4},"end":{"line":8,"column":32}},"4":{"start":{"line":11,"column":0},"end":{"line":11,"column":19}}},"fnMap":{"0":{"name":"(anonymous_0)","decl":{"start":{"line":5,"column":25},"end":{"line":5,"column":26}},"loc":{"start":{"line":5,"column":40},"end":{"line":9,"column":1}},"line":5}},"branchMap":{},"s":{"0":1,"1":1,"2":3,"3":3,"4":1},"f":{"0":3},"b":{},"_coverageSchema":"1a1c01bbd47fc00a2c39e90264f33305004495a9","hash":"287e3aef9a8510a1df6d93f170cb0e097bff0c3a"}
,"F:\\AspireReactApr2020\\inventory-app\\src\\home\\Home.js": {"path":"F:\\AspireReactApr2020\\inventory-app\\src\\home\\Home.js","statementMap":{"0":{"start":{"line":7,"column":8},"end":{"line":11,"column":9}}},"fnMap":{"0":{"name":"(anonymous_0)","decl":{"start":{"line":5,"column":4},"end":{"line":5,"column":5}},"loc":{"start":{"line":5,"column":13},"end":{"line":12,"column":5}},"line":5}},"branchMap":{},"s":{"0":2},"f":{"0":2},"b":{},"_coverageSchema":"1a1c01bbd47fc00a2c39e90264f33305004495a9","hash":"64bd55aac08d669a1692eac0224668a7e9603999"}
,"F:\\AspireReactApr2020\\inventory-app\\src\\logo\\Logo.js": {"path":"F:\\AspireReactApr2020\\inventory-app\\src\\logo\\Logo.js","statementMap":{"0":{"start":{"line":4,"column":18},"end":{"line":10,"column":1}},"1":{"start":{"line":5,"column":4},"end":{"line":9,"column":5}}},"fnMap":{"0":{"name":"(anonymous_0)","decl":{"start":{"line":4,"column":18},"end":{"line":4,"column":19}},"loc":{"start":{"line":4,"column":23},"end":{"line":10,"column":1}},"line":4}},"branchMap":{},"s":{"0":1,"1":3},"f":{"0":3},"b":{},"_coverageSchema":"1a1c01bbd47fc00a2c39e90264f33305004495a9","hash":"0a40328c31523a3b870b2d45725d22ebd7d915f8"}
,"F:\\AspireReactApr2020\\inventory-app\\src\\menu\\Menu.js": {"path":"F:\\AspireReactApr2020\\inventory-app\\src\\menu\\Menu.js","statementMap":{"0":{"start":{"line":8,"column":18},"end":{"line":31,"column":1}},"1":{"start":{"line":9,"column":4},"end":{"line":30,"column":6}},"2":{"start":{"line":15,"column":18},"end":{"line":18,"column":27}},"3":{"start":{"line":16,"column":41},"end":{"line":16,"column":71}}},"fnMap":{"0":{"name":"(anonymous_0)","decl":{"start":{"line":8,"column":18},"end":{"line":8,"column":19}},"loc":{"start":{"line":8,"column":27},"end":{"line":31,"column":1}},"line":8},"1":{"name":"(anonymous_1)","decl":{"start":{"line":13,"column":30},"end":{"line":13,"column":31}},"loc":{"start":{"line":15,"column":18},"end":{"line":18,"column":27}},"line":15},"2":{"name":"(anonymous_2)","decl":{"start":{"line":16,"column":35},"end":{"line":16,"column":36}},"loc":{"start":{"line":16,"column":39},"end":{"line":16,"column":72}},"line":16}},"branchMap":{},"s":{"0":1,"1":2,"2":6,"3":0},"f":{"0":2,"1":6,"2":0},"b":{},"_coverageSchema":"1a1c01bbd47fc00a2c39e90264f33305004495a9","hash":"e2cdeb74543a52f1b38f1142b0892c36bc2c4d10"}
,"F:\\AspireReactApr2020\\inventory-app\\src\\viewproduct\\ViewProduct.js": {"path":"F:\\AspireReactApr2020\\inventory-app\\src\\viewproduct\\ViewProduct.js","statementMap":{"0":{"start":{"line":6,"column":8},"end":{"line":6,"column":39}},"1":{"start":{"line":7,"column":8},"end":{"line":11,"column":9}}},"fnMap":{"0":{"name":"(anonymous_0)","decl":{"start":{"line":5,"column":4},"end":{"line":5,"column":5}},"loc":{"start":{"line":5,"column":13},"end":{"line":12,"column":5}},"line":5}},"branchMap":{},"s":{"0":0,"1":0},"f":{"0":0},"b":{},"_coverageSchema":"1a1c01bbd47fc00a2c39e90264f33305004495a9","hash":"1c69f43712c812330c789d78b874b3c450dc428b"}
}
