TN:
SF:src\App.js
FN:18,(anonymous_0)
FN:49,(anonymous_1)
FN:51,(anonymous_2)
FN:55,(anonymous_3)
FN:61,(anonymous_4)
FNF:5
FNH:3
FNDA:3,(anonymous_0)
FNDA:3,(anonymous_1)
FNDA:0,(anonymous_2)
FNDA:0,(anonymous_3)
FNDA:3,(anonymous_4)
DA:19,3
DA:20,3
DA:22,3
DA:51,3
DA:56,0
DA:63,3
LF:6
LH:5
BRF:0
BRH:0
end_of_record
TN:
SF:src\index.js
FNF:0
FNH:0
DA:8,0
DA:18,0
LF:2
LH:0
BRF:0
BRH:0
end_of_record
TN:
SF:src\reportWebVitals.js
FN:1,(anonymous_0)
FN:3,(anonymous_1)
FNF:2
FNH:0
FNDA:0,(anonymous_0)
FNDA:0,(anonymous_1)
DA:1,0
DA:2,0
DA:3,0
DA:4,0
DA:5,0
DA:6,0
DA:7,0
DA:8,0
LF:8
LH:0
BRDA:2,0,0,0
BRDA:2,0,1,0
BRDA:2,1,0,0
BRDA:2,1,1,0
BRF:4
BRH:0
end_of_record
TN:
SF:src\addproduct\AddProduct.js
FN:3,AddProduct
FN:9,(anonymous_1)
FN:13,(anonymous_2)
FN:15,(anonymous_3)
FN:19,(anonymous_4)
FN:24,(anonymous_5)
FN:29,(anonymous_6)
FN:37,(anonymous_7)
FN:42,(anonymous_8)
FNF:9
FNH:6
FNDA:7,AddProduct
FNDA:2,(anonymous_1)
FNDA:0,(anonymous_2)
FNDA:2,(anonymous_3)
FNDA:1,(anonymous_4)
FNDA:2,(anonymous_5)
FNDA:1,(anonymous_6)
FNDA:0,(anonymous_7)
FNDA:0,(anonymous_8)
DA:4,7
DA:5,7
DA:6,7
DA:7,7
DA:8,7
DA:9,7
DA:10,2
DA:13,7
DA:15,7
DA:16,2
DA:19,7
DA:20,1
DA:21,1
DA:24,7
DA:25,2
DA:26,2
DA:29,7
DA:30,1
DA:31,1
DA:35,1
DA:38,0
DA:43,0
DA:45,1
DA:48,7
LF:24
LH:22
BRDA:6,0,0,7
BRDA:6,0,1,4
BRDA:7,1,0,7
BRDA:7,1,1,4
BRDA:16,2,0,2
BRDA:16,2,1,0
BRF:6
BRH:5
end_of_record
TN:
SF:src\addproduct\FetchData.js
FN:5,(anonymous_0)
FNF:1
FNH:1
FNDA:3,(anonymous_0)
DA:3,1
DA:5,1
DA:6,3
DA:8,3
DA:11,1
LF:5
LH:5
BRF:0
BRH:0
end_of_record
TN:
SF:src\home\Home.js
FN:5,(anonymous_0)
FNF:1
FNH:1
FNDA:2,(anonymous_0)
DA:7,2
LF:1
LH:1
BRF:0
BRH:0
end_of_record
TN:
SF:src\logo\Logo.js
FN:4,(anonymous_0)
FNF:1
FNH:1
FNDA:3,(anonymous_0)
DA:4,1
DA:5,3
LF:2
LH:2
BRF:0
BRH:0
end_of_record
TN:
SF:src\menu\Menu.js
FN:8,(anonymous_0)
FN:13,(anonymous_1)
FN:16,(anonymous_2)
FNF:3
FNH:2
FNDA:2,(anonymous_0)
FNDA:6,(anonymous_1)
FNDA:0,(anonymous_2)
DA:8,1
DA:9,2
DA:15,6
DA:16,0
LF:4
LH:3
BRF:0
BRH:0
end_of_record
TN:
SF:src\viewproduct\ViewProduct.js
FN:5,(anonymous_0)
FNF:1
FNH:0
FNDA:0,(anonymous_0)
DA:6,0
DA:7,0
LF:2
LH:0
BRF:0
BRH:0
end_of_record
