<?xml version="1.0" encoding="UTF-8"?>
<testsuite xmlns:xsi="http://www.w3.org/2001/XMLSchema-instance" xsi:noNamespaceSchemaLocation="https://maven.apache.org/surefire/maven-surefire-plugin/xsd/surefire-test-report-3.0.xsd" version="3.0" name="com.sapient.dao.ClaimMongoImplTest" time="2.457" tests="6" errors="0" skipped="0" failures="0">
  <properties>
[...]
</properties>
  <testcase name="addClaimTest" classname="com.sapient.dao.ClaimMongoImplTest" time="2.21"/>
  <testcase name="limitClaimsTest" classname="com.sapient.dao.ClaimMongoImplTest" time="0.116"/>
  <testcase name="findClaimByIdTest" classname="com.sapient.dao.ClaimMongoImplTest" time="0.04"/>
  <testcase name="updateClaimTest" classname="com.sapient.dao.ClaimMongoImplTest" time="0.039"/>
  <testcase name="searchClaimsTest" classname="com.sapient.dao.ClaimMongoImplTest" time="0.019"/>
  <testcase name="deleteClaimByIdTest" classname="com.sapient.dao.ClaimMongoImplTest" time="0.025"/>
</testsuite>